<?xml version="1.0" encoding="UTF-8"?>
<testsuite name="edu.osu.cs362.Appt_ESTest" time="0.045" tests="34" errors="0" skipped="0" failures="0">
  <properties>
    <property name="idea.version" value="2017.1.2"/>
    <property name="java.runtime.name" value="Java(TM) SE Runtime Environment"/>
    <property name="sun.boot.library.path" value="F:\Java SE Development Kit 8\jre\bin"/>
    <property name="java.vm.version" value="25.121-b13"/>
    <property name="java.vm.vendor" value="Oracle Corporation"/>
    <property name="maven.multiModuleProjectDirectory" value="E:\Documents\OSU\CS 362 SP17\Project\CS362-001-SP17\projects\hanjia\assignment-3\Calendar"/>
    <property name="java.vendor.url" value="http://java.oracle.com/"/>
    <property name="path.separator" value=";"/>
    <property name="guice.disable.misplaced.annotation.check" value="true"/>
    <property name="java.vm.name" value="Java HotSpot(TM) 64-Bit Server VM"/>
    <property name="file.encoding.pkg" value="sun.io"/>
    <property name="user.script" value=""/>
    <property name="user.country" value="US"/>
    <property name="sun.java.launcher" value="SUN_STANDARD"/>
    <property name="sun.os.patch.level" value=""/>
    <property name="java.vm.specification.name" value="Java Virtual Machine Specification"/>
    <property name="user.dir" value="E:\Documents\OSU\CS 362 SP17\Project\CS362-001-SP17\projects\hanjia\assignment-3\Calendar"/>
    <property name="java.runtime.version" value="1.8.0_121-b13"/>
    <property name="java.awt.graphicsenv" value="sun.awt.Win32GraphicsEnvironment"/>
    <property name="java.endorsed.dirs" value="F:\Java SE Development Kit 8\jre\lib\endorsed"/>
    <property name="os.arch" value="amd64"/>
    <property name="java.io.tmpdir" value="C:\Users\jiayu\AppData\Local\Temp\"/>
    <property name="line.separator" value="&#10;"/>
    <property name="java.vm.specification.vendor" value="Oracle Corporation"/>
    <property name="user.variant" value=""/>
    <property name="os.name" value="Windows 10"/>
    <property name="classworlds.conf" value="F:\IntelliJ IDEA Community Edition 2017.1.2\plugins\maven\lib\maven3\bin\m2.conf"/>
    <property name="sun.jnu.encoding" value="GBK"/>
    <property name="java.library.path" value="F:\Java SE Development Kit 8\bin;C:\WINDOWS\Sun\Java\bin;C:\WINDOWS\system32;C:\WINDOWS;C:\Program Files (x86)\Intel\iCLS Client\;C:\Program Files\Intel\iCLS Client\;C:\ProgramData\Oracle\Java\javapath;C:\Program Files (x86)\Razer Chroma SDK\bin;C:\Program Files\Razer Chroma SDK\bin;C:\WINDOWS\system32;C:\WINDOWS;C:\WINDOWS\System32\Wbem;C:\WINDOWS\System32\WindowsPowerShell\v1.0\;C:\WINDOWS\system32\config\systemprofile\AppData\Local\Microsoft\WindowsApps;C:\Program Files\Microsoft SQL Server\120\Tools\Binn\;C:\Program Files\Microsoft SQL Server\130\Tools\Binn\;C:\Program Files (x86)\Microsoft Emulator Manager\1.0\;C:\Program Files\Git\cmd;C:\ProgramData\Microsoft\Windows\Start Menu\Programs\Python 3.5;C:\Program Files (x86)\Intel\Intel(R) Management Engine Components\DAL;C:\Program Files\Intel\Intel(R) Management Engine Components\DAL;C:\Program Files (x86)\Intel\Intel(R) Management Engine Components\IPT;C:\Program Files\Intel\Intel(R) Management Engine Components\IPT;C:\Program Files (x86)\NVIDIA Corporation\PhysX\Common;C:\Program Files (x86)\Skype\Phone\;C:\Users\jiayu\AppData\Local\Programs\Python\Python35-32\Scripts\;C:\Users\jiayu\AppData\Local\Programs\Python\Python35-32\;C:\Users\jiayu\AppData\Local\Microsoft\WindowsApps;."/>
    <property name="java.specification.name" value="Java Platform API Specification"/>
    <property name="java.class.version" value="52.0"/>
    <property name="sun.management.compiler" value="HotSpot 64-Bit Tiered Compilers"/>
    <property name="os.version" value="10.0"/>
    <property name="user.home" value="C:\Users\jiayu"/>
    <property name="user.timezone" value="America/Los_Angeles"/>
    <property name="java.awt.printerjob" value="sun.awt.windows.WPrinterJob"/>
    <property name="java.specification.version" value="1.8"/>
    <property name="file.encoding" value="UTF-8"/>
    <property name="user.name" value="jiayu"/>
    <property name="java.class.path" value="F:\IntelliJ IDEA Community Edition 2017.1.2\plugins\maven\lib\maven3\boot\plexus-classworlds-2.5.2.jar;F:\IntelliJ IDEA Community Edition 2017.1.2\lib\idea_rt.jar"/>
    <property name="java.vm.specification.version" value="1.8"/>
    <property name="sun.arch.data.model" value="64"/>
    <property name="java.home" value="F:\Java SE Development Kit 8\jre"/>
    <property name="sun.java.command" value="org.codehaus.classworlds.Launcher -Didea.version=2017.1.2 test org.pitest:pitest-maven:mutationCoverage"/>
    <property name="java.specification.vendor" value="Oracle Corporation"/>
    <property name="user.language" value="en"/>
    <property name="awt.toolkit" value="sun.awt.windows.WToolkit"/>
    <property name="java.vm.info" value="mixed mode"/>
    <property name="java.version" value="1.8.0_121"/>
    <property name="java.ext.dirs" value="F:\Java SE Development Kit 8\jre\lib\ext;C:\WINDOWS\Sun\Java\lib\ext"/>
    <property name="sun.boot.class.path" value="F:\Java SE Development Kit 8\jre\lib\resources.jar;F:\Java SE Development Kit 8\jre\lib\rt.jar;F:\Java SE Development Kit 8\jre\lib\sunrsasign.jar;F:\Java SE Development Kit 8\jre\lib\jsse.jar;F:\Java SE Development Kit 8\jre\lib\jce.jar;F:\Java SE Development Kit 8\jre\lib\charsets.jar;F:\Java SE Development Kit 8\jre\lib\jfr.jar;F:\Java SE Development Kit 8\jre\classes"/>
    <property name="java.vendor" value="Oracle Corporation"/>
    <property name="maven.home" value="F:\IntelliJ IDEA Community Edition 2017.1.2\plugins\maven\lib\maven3"/>
    <property name="file.separator" value="\"/>
    <property name="java.vendor.url.bug" value="http://bugreport.sun.com/bugreport/"/>
    <property name="sun.cpu.endian" value="little"/>
    <property name="sun.io.unicode.encoding" value="UnicodeLittle"/>
    <property name="sun.desktop" value="windows"/>
    <property name="sun.cpu.isalist" value="amd64"/>
  </properties>
  <testcase name="test19" classname="edu.osu.cs362.Appt_ESTest" time="0.006"/>
  <testcase name="test18" classname="edu.osu.cs362.Appt_ESTest" time="0.002"/>
  <testcase name="test17" classname="edu.osu.cs362.Appt_ESTest" time="0.002"/>
  <testcase name="test12" classname="edu.osu.cs362.Appt_ESTest" time="0.001"/>
  <testcase name="test11" classname="edu.osu.cs362.Appt_ESTest" time="0.001"/>
  <testcase name="test33" classname="edu.osu.cs362.Appt_ESTest" time="0.002"/>
  <testcase name="test10" classname="edu.osu.cs362.Appt_ESTest" time="0.001"/>
  <testcase name="test32" classname="edu.osu.cs362.Appt_ESTest" time="0.002"/>
  <testcase name="test31" classname="edu.osu.cs362.Appt_ESTest" time="0.001"/>
  <testcase name="test16" classname="edu.osu.cs362.Appt_ESTest" time="0.001"/>
  <testcase name="test15" classname="edu.osu.cs362.Appt_ESTest" time="0.002"/>
  <testcase name="test14" classname="edu.osu.cs362.Appt_ESTest" time="0.001"/>
  <testcase name="test13" classname="edu.osu.cs362.Appt_ESTest" time="0.001"/>
  <testcase name="test30" classname="edu.osu.cs362.Appt_ESTest" time="0.001"/>
  <testcase name="test09" classname="edu.osu.cs362.Appt_ESTest" time="0.001"/>
  <testcase name="test08" classname="edu.osu.cs362.Appt_ESTest" time="0.001"/>
  <testcase name="test07" classname="edu.osu.cs362.Appt_ESTest" time="0.002"/>
  <testcase name="test29" classname="edu.osu.cs362.Appt_ESTest" time="0.001"/>
  <testcase name="test06" classname="edu.osu.cs362.Appt_ESTest" time="0.001"/>
  <testcase name="test28" classname="edu.osu.cs362.Appt_ESTest" time="0.001"/>
  <testcase name="test01" classname="edu.osu.cs362.Appt_ESTest" time="0.001"/>
  <testcase name="test23" classname="edu.osu.cs362.Appt_ESTest" time="0.001"/>
  <testcase name="test00" classname="edu.osu.cs362.Appt_ESTest" time="0.001"/>
  <testcase name="test22" classname="edu.osu.cs362.Appt_ESTest" time="0.001"/>
  <testcase name="test21" classname="edu.osu.cs362.Appt_ESTest" time="0.001"/>
  <testcase name="test20" classname="edu.osu.cs362.Appt_ESTest" time="0.001"/>
  <testcase name="test05" classname="edu.osu.cs362.Appt_ESTest" time="0.001"/>
  <testcase name="test27" classname="edu.osu.cs362.Appt_ESTest" time="0.001"/>
  <testcase name="test04" classname="edu.osu.cs362.Appt_ESTest" time="0.001"/>
  <testcase name="test26" classname="edu.osu.cs362.Appt_ESTest" time="0.001"/>
  <testcase name="test03" classname="edu.osu.cs362.Appt_ESTest" time="0.001"/>
  <testcase name="test25" classname="edu.osu.cs362.Appt_ESTest" time="0.001"/>
  <testcase name="test02" classname="edu.osu.cs362.Appt_ESTest" time="0.001"/>
  <testcase name="test24" classname="edu.osu.cs362.Appt_ESTest" time="0.001"/>
</testsuite>